# JRE version: Java(TM) SE Runtime Environment (8.0_144-b01) (build 1.8.0_144-b01)
# Java VM: Java HotSpot(TM) 64-Bit Server VM (25.144-b01 mixed mode windows-amd64 compressed oops)
Heap:
 PSYoungGen      total 117760K, used 73254K [0x00000000eb300000, 0x00000000f3c80000, 0x0000000100000000)
  eden space 114688K, 63% used [0x00000000eb300000,0x00000000efa89be8,0x00000000f2300000)
  from space 3072K, 0% used [0x00000000f3980000,0x00000000f3980000,0x00000000f3c80000)
  to   space 8704K, 0% used [0x00000000f2b80000,0x00000000f2b80000,0x00000000f3400000)
 ParOldGen       total 44544K, used 13629K [0x00000000c1800000, 0x00000000c4380000, 0x00000000eb300000)
  object space 44544K, 30% used [0x00000000c1800000,0x00000000c254f770,0x00000000c4380000)
 Metaspace       used 44495K, capacity 46348K, committed 46680K, reserved 1089536K
  class space    used 6104K, capacity 6432K, committed 6528K, reserved 1048576K
GC Heap History (10 events):
Event: 10.344 GC heap before
{Heap before GC invocations=8 (full 1):
 PSYoungGen      total 70656K, used 6114K [0x00000000eb300000, 0x00000000f4200000, 0x0000000100000000)
  eden space 64512K, 0% used [0x00000000eb300000,0x00000000eb300000,0x00000000ef200000)
  from space 6144K, 99% used [0x00000000ef200000,0x00000000ef7f8878,0x00000000ef800000)
  to   space 8704K, 0% used [0x00000000f3980000,0x00000000f3980000,0x00000000f4200000)
 ParOldGen       total 44032K, used 6486K [0x00000000c1800000, 0x00000000c4300000, 0x00000000eb300000)
  object space 44032K, 14% used [0x00000000c1800000,0x00000000c1e55b18,0x00000000c4300000)
 Metaspace       used 20588K, capacity 21210K, committed 21248K, reserved 1067008K
  class space    used 2652K, capacity 2806K, committed 2816K, reserved 1048576K
Event: 10.464 GC heap after
Heap after GC invocations=8 (full 1):
 PSYoungGen      total 70656K, used 0K [0x00000000eb300000, 0x00000000f4200000, 0x0000000100000000)
  eden space 64512K, 0% used [0x00000000eb300000,0x00000000eb300000,0x00000000ef200000)
  from space 6144K, 0% used [0x00000000ef200000,0x00000000ef200000,0x00000000ef800000)
  to   space 8704K, 0% used [0x00000000f3980000,0x00000000f3980000,0x00000000f4200000)
 ParOldGen       total 31744K, used 9199K [0x00000000c1800000, 0x00000000c3700000, 0x00000000eb300000)
  object space 31744K, 28% used [0x00000000c1800000,0x00000000c20fbe10,0x00000000c3700000)
 Metaspace       used 20587K, capacity 21204K, committed 21248K, reserved 1067008K
  class space    used 2652K, capacity 2805K, committed 2816K, reserved 1048576K
}
Event: 13.741 GC heap before
{Heap before GC invocations=9 (full 1):
 PSYoungGen      total 70656K, used 64512K [0x00000000eb300000, 0x00000000f4200000, 0x0000000100000000)
  eden space 64512K, 100% used [0x00000000eb300000,0x00000000ef200000,0x00000000ef200000)
  from space 6144K, 0% used [0x00000000ef200000,0x00000000ef200000,0x00000000ef800000)
  to   space 8704K, 0% used [0x00000000f3980000,0x00000000f3980000,0x00000000f4200000)
 ParOldGen       total 31744K, used 9199K [0x00000000c1800000, 0x00000000c3700000, 0x00000000eb300000)
  object space 31744K, 28% used [0x00000000c1800000,0x00000000c20fbe10,0x00000000c3700000)
 Metaspace       used 21983K, capacity 22802K, committed 23040K, reserved 1069056K
  class space    used 2825K, capacity 3038K, committed 3072K, reserved 1048576K
Event: 13.760 GC heap after
Heap after GC invocations=9 (full 1):
 PSYoungGen      total 117760K, used 2624K [0x00000000eb300000, 0x00000000f3c80000, 0x0000000100000000)
  eden space 114688K, 0% used [0x00000000eb300000,0x00000000eb300000,0x00000000f2300000)
  from space 3072K, 85% used [0x00000000f3980000,0x00000000f3c100c8,0x00000000f3c80000)
  to   space 8704K, 0% used [0x00000000f2b80000,0x00000000f2b80000,0x00000000f3400000)
 ParOldGen       total 31744K, used 9199K [0x00000000c1800000, 0x00000000c3700000, 0x00000000eb300000)
  object space 31744K, 28% used [0x00000000c1800000,0x00000000c20fbe10,0x00000000c3700000)
 Metaspace       used 21983K, capacity 22802K, committed 23040K, reserved 1069056K
  class space    used 2825K, capacity 3038K, committed 3072K, reserved 1048576K
}
Event: 27.547 GC heap before
{Heap before GC invocations=10 (full 1):
 PSYoungGen      total 117760K, used 117312K [0x00000000eb300000, 0x00000000f3c80000, 0x0000000100000000)
  eden space 114688K, 100% used [0x00000000eb300000,0x00000000f2300000,0x00000000f2300000)
  from space 3072K, 85% used [0x00000000f3980000,0x00000000f3c100c8,0x00000000f3c80000)
  to   space 8704K, 0% used [0x00000000f2b80000,0x00000000f2b80000,0x00000000f3400000)
 ParOldGen       total 31744K, used 9199K [0x00000000c1800000, 0x00000000c3700000, 0x00000000eb300000)
  object space 31744K, 28% used [0x00000000c1800000,0x00000000c20fbe10,0x00000000c3700000)
 Metaspace       used 29793K, capacity 31390K, committed 31616K, reserved 1077248K
  class space    used 3881K, capacity 4158K, committed 4224K, reserved 1048576K
Event: 27.586 GC heap after
Heap after GC invocations=10 (full 1):
 PSYoungGen      total 123392K, used 8675K [0x00000000eb300000, 0x00000000f3c80000, 0x0000000100000000)
  eden space 114688K, 0% used [0x00000000eb300000,0x00000000eb300000,0x00000000f2300000)
  from space 8704K, 99% used [0x00000000f2b80000,0x00000000f33f8d08,0x00000000f3400000)
  to   space 3072K, 0% used [0x00000000f3980000,0x00000000f3980000,0x00000000f3c80000)
 ParOldGen       total 31744K, used 12212K [0x00000000c1800000, 0x00000000c3700000, 0x00000000eb300000)
  object space 31744K, 38% used [0x00000000c1800000,0x00000000c23ed2b8,0x00000000c3700000)
 Metaspace       used 29793K, capacity 31390K, committed 31616K, reserved 1077248K
  class space    used 3881K, capacity 4158K, committed 4224K, reserved 1048576K
}
Event: 32.483 GC heap before
{Heap before GC invocations=11 (full 1):
 PSYoungGen      total 123392K, used 116352K [0x00000000eb300000, 0x00000000f3c80000, 0x0000000100000000)
  eden space 114688K, 93% used [0x00000000eb300000,0x00000000f1c27398,0x00000000f2300000)
  from space 8704K, 99% used [0x00000000f2b80000,0x00000000f33f8d08,0x00000000f3400000)
  to   space 3072K, 0% used [0x00000000f3980000,0x00000000f3980000,0x00000000f3c80000)
 ParOldGen       total 31744K, used 12212K [0x00000000c1800000, 0x00000000c3700000, 0x00000000eb300000)
  object space 31744K, 38% used [0x00000000c1800000,0x00000000c23ed2b8,0x00000000c3700000)
 Metaspace       used 33679K, capacity 35412K, committed 35416K, reserved 1079296K
  class space    used 4419K, capacity 4735K, committed 4736K, reserved 1048576K
Event: 32.514 GC heap after
Heap after GC invocations=11 (full 1):
 PSYoungGen      total 117760K, used 3060K [0x00000000eb300000, 0x00000000f3c80000, 0x0000000100000000)
  eden space 114688K, 0% used [0x00000000eb300000,0x00000000eb300000,0x00000000f2300000)
  from space 3072K, 99% used [0x00000000f3980000,0x00000000f3c7d020,0x00000000f3c80000)
  to   space 8704K, 0% used [0x00000000f2b80000,0x00000000f2b80000,0x00000000f3400000)
 ParOldGen       total 31744K, used 18853K [0x00000000c1800000, 0x00000000c3700000, 0x00000000eb300000)
  object space 31744K, 59% used [0x00000000c1800000,0x00000000c2a69768,0x00000000c3700000)
 Metaspace       used 33679K, capacity 35412K, committed 35416K, reserved 1079296K
  class space    used 4419K, capacity 4735K, committed 4736K, reserved 1048576K
}
Event: 32.514 GC heap before
{Heap before GC invocations=12 (full 2):
 PSYoungGen      total 117760K, used 3060K [0x00000000eb300000, 0x00000000f3c80000, 0x0000000100000000)
  eden space 114688K, 0% used [0x00000000eb300000,0x00000000eb300000,0x00000000f2300000)
  from space 3072K, 99% used [0x00000000f3980000,0x00000000f3c7d020,0x00000000f3c80000)
  to   space 8704K, 0% used [0x00000000f2b80000,0x00000000f2b80000,0x00000000f3400000)
 ParOldGen       total 31744K, used 18853K [0x00000000c1800000, 0x00000000c3700000, 0x00000000eb300000)
  object space 31744K, 59% used [0x00000000c1800000,0x00000000c2a69768,0x00000000c3700000)
 Metaspace       used 33679K, capacity 35412K, committed 35416K, reserved 1079296K
  class space    used 4419K, capacity 4735K, committed 4736K, reserved 1048576K
Event: 32.707 GC heap after
Heap after GC invocations=12 (full 2):
 PSYoungGen      total 117760K, used 0K [0x00000000eb300000, 0x00000000f3c80000, 0x0000000100000000)
  eden space 114688K, 0% used [0x00000000eb300000,0x00000000eb300000,0x00000000f2300000)
  from space 3072K, 0% used [0x00000000f3980000,0x00000000f3980000,0x00000000f3c80000)
  to   space 8704K, 0% used [0x00000000f2b80000,0x00000000f2b80000,0x00000000f3400000)
 ParOldGen       total 44544K, used 13629K [0x00000000c1800000, 0x00000000c4380000, 0x00000000eb300000)
  object space 44544K, 30% used [0x00000000c1800000,0x00000000c254f770,0x00000000c4380000)
 Metaspace       used 33679K, capacity 35412K, committed 35416K, reserved 1079296K
  class space    used 4419K, capacity 4735K, committed 4736K, reserved 1048576K
}

