# JRE version: Java(TM) SE Runtime Environment (8.0_144-b01) (build 1.8.0_144-b01)
# Java VM: Java HotSpot(TM) 64-Bit Server VM (25.144-b01 mixed mode windows-amd64 compressed oops)
Heap:
 PSYoungGen      total 307200K, used 119217K [0x00000000eb300000, 0x00000000ffb80000, 0x0000000100000000)
  eden space 295424K, 40% used [0x00000000eb300000,0x00000000f276c688,0x00000000fd380000)
  from space 11776K, 0% used [0x00000000fe600000,0x00000000fe600000,0x00000000ff180000)
  to   space 18944K, 0% used [0x00000000fd380000,0x00000000fd380000,0x00000000fe600000)
 ParOldGen       total 67584K, used 34533K [0x00000000c1800000, 0x00000000c5a00000, 0x00000000eb300000)
  object space 67584K, 51% used [0x00000000c1800000,0x00000000c39b97b0,0x00000000c5a00000)
 Metaspace       used 59915K, capacity 63036K, committed 63192K, reserved 1103872K
  class space    used 8187K, capacity 8696K, committed 8704K, reserved 1048576K
GC Heap History (10 events):
Event: 19.596 GC heap before
{Heap before GC invocations=11 (full 1):
 PSYoungGen      total 137728K, used 137723K [0x00000000eb300000, 0x00000000f8a80000, 0x0000000100000000)
  eden space 129024K, 100% used [0x00000000eb300000,0x00000000f3100000,0x00000000f3100000)
  from space 8704K, 99% used [0x00000000f3100000,0x00000000f397ef78,0x00000000f3980000)
  to   space 10240K, 0% used [0x00000000f8080000,0x00000000f8080000,0x00000000f8a80000)
 ParOldGen       total 26112K, used 5750K [0x00000000c1800000, 0x00000000c3180000, 0x00000000eb300000)
  object space 26112K, 22% used [0x00000000c1800000,0x00000000c1d9d868,0x00000000c3180000)
 Metaspace       used 31788K, capacity 33650K, committed 34048K, reserved 1079296K
  class space    used 4146K, capacity 4489K, committed 4608K, reserved 1048576K
Event: 19.658 GC heap after
Heap after GC invocations=11 (full 1):
 PSYoungGen      total 208896K, used 9667K [0x00000000eb300000, 0x00000000f8c00000, 0x0000000100000000)
  eden space 198656K, 0% used [0x00000000eb300000,0x00000000eb300000,0x00000000f7500000)
  from space 10240K, 94% used [0x00000000f8080000,0x00000000f89f0f50,0x00000000f8a80000)
  to   space 11776K, 0% used [0x00000000f7500000,0x00000000f7500000,0x00000000f8080000)
 ParOldGen       total 26112K, used 5758K [0x00000000c1800000, 0x00000000c3180000, 0x00000000eb300000)
  object space 26112K, 22% used [0x00000000c1800000,0x00000000c1d9f868,0x00000000c3180000)
 Metaspace       used 31788K, capacity 33650K, committed 34048K, reserved 1079296K
  class space    used 4146K, capacity 4489K, committed 4608K, reserved 1048576K
}
Event: 20.696 GC heap before
{Heap before GC invocations=12 (full 1):
 PSYoungGen      total 208896K, used 27058K [0x00000000eb300000, 0x00000000f8c00000, 0x0000000100000000)
  eden space 198656K, 8% used [0x00000000eb300000,0x00000000ec3fbc28,0x00000000f7500000)
  from space 10240K, 94% used [0x00000000f8080000,0x00000000f89f0f50,0x00000000f8a80000)
  to   space 11776K, 0% used [0x00000000f7500000,0x00000000f7500000,0x00000000f8080000)
 ParOldGen       total 26112K, used 5758K [0x00000000c1800000, 0x00000000c3180000, 0x00000000eb300000)
  object space 26112K, 22% used [0x00000000c1800000,0x00000000c1d9f868,0x00000000c3180000)
 Metaspace       used 33519K, capacity 35366K, committed 35416K, reserved 1079296K
  class space    used 4360K, capacity 4693K, committed 4736K, reserved 1048576K
Event: 20.729 GC heap after
Heap after GC invocations=12 (full 1):
 PSYoungGen      total 210432K, used 1702K [0x00000000eb300000, 0x00000000ff180000, 0x0000000100000000)
  eden space 198656K, 0% used [0x00000000eb300000,0x00000000eb300000,0x00000000f7500000)
  from space 11776K, 14% used [0x00000000f7500000,0x00000000f76a99b0,0x00000000f8080000)
  to   space 11776K, 0% used [0x00000000fe600000,0x00000000fe600000,0x00000000ff180000)
 ParOldGen       total 26112K, used 11941K [0x00000000c1800000, 0x00000000c3180000, 0x00000000eb300000)
  object space 26112K, 45% used [0x00000000c1800000,0x00000000c23a9670,0x00000000c3180000)
 Metaspace       used 33519K, capacity 35366K, committed 35416K, reserved 1079296K
  class space    used 4360K, capacity 4693K, committed 4736K, reserved 1048576K
}
Event: 20.729 GC heap before
{Heap before GC invocations=13 (full 2):
 PSYoungGen      total 210432K, used 1702K [0x00000000eb300000, 0x00000000ff180000, 0x0000000100000000)
  eden space 198656K, 0% used [0x00000000eb300000,0x00000000eb300000,0x00000000f7500000)
  from space 11776K, 14% used [0x00000000f7500000,0x00000000f76a99b0,0x00000000f8080000)
  to   space 11776K, 0% used [0x00000000fe600000,0x00000000fe600000,0x00000000ff180000)
 ParOldGen       total 26112K, used 11941K [0x00000000c1800000, 0x00000000c3180000, 0x00000000eb300000)
  object space 26112K, 45% used [0x00000000c1800000,0x00000000c23a9670,0x00000000c3180000)
 Metaspace       used 33519K, capacity 35366K, committed 35416K, reserved 1079296K
  class space    used 4360K, capacity 4693K, committed 4736K, reserved 1048576K
Event: 20.951 GC heap after
Heap after GC invocations=13 (full 2):
 PSYoungGen      total 210432K, used 0K [0x00000000eb300000, 0x00000000ff180000, 0x0000000100000000)
  eden space 198656K, 0% used [0x00000000eb300000,0x00000000eb300000,0x00000000f7500000)
  from space 11776K, 0% used [0x00000000f7500000,0x00000000f7500000,0x00000000f8080000)
  to   space 11776K, 0% used [0x00000000fe600000,0x00000000fe600000,0x00000000ff180000)
 ParOldGen       total 37376K, used 11873K [0x00000000c1800000, 0x00000000c3c80000, 0x00000000eb300000)
  object space 37376K, 31% used [0x00000000c1800000,0x00000000c2398750,0x00000000c3c80000)
 Metaspace       used 33519K, capacity 35366K, committed 35416K, reserved 1079296K
  class space    used 4360K, capacity 4693K, committed 4736K, reserved 1048576K
}
Event: 37.196 GC heap before
{Heap before GC invocations=14 (full 2):
 PSYoungGen      total 210432K, used 198284K [0x00000000eb300000, 0x00000000ff180000, 0x0000000100000000)
  eden space 198656K, 99% used [0x00000000eb300000,0x00000000f74a3170,0x00000000f7500000)
  from space 11776K, 0% used [0x00000000f7500000,0x00000000f7500000,0x00000000f8080000)
  to   space 11776K, 0% used [0x00000000fe600000,0x00000000fe600000,0x00000000ff180000)
 ParOldGen       total 37376K, used 11873K [0x00000000c1800000, 0x00000000c3c80000, 0x00000000eb300000)
  object space 37376K, 31% used [0x00000000c1800000,0x00000000c2398750,0x00000000c3c80000)
 Metaspace       used 55983K, capacity 59004K, committed 59028K, reserved 1099776K
  class space    used 7682K, capacity 8188K, committed 8192K, reserved 1048576K
Event: 37.465 GC heap after
Heap after GC invocations=14 (full 2):
 PSYoungGen      total 307200K, used 11768K [0x00000000eb300000, 0x00000000ffb80000, 0x0000000100000000)
  eden space 295424K, 0% used [0x00000000eb300000,0x00000000eb300000,0x00000000fd380000)
  from space 11776K, 99% used [0x00000000fe600000,0x00000000ff17e2f0,0x00000000ff180000)
  to   space 18944K, 0% used [0x00000000fd380000,0x00000000fd380000,0x00000000fe600000)
 ParOldGen       total 37376K, used 25992K [0x00000000c1800000, 0x00000000c3c80000, 0x00000000eb300000)
  object space 37376K, 69% used [0x00000000c1800000,0x00000000c31621e0,0x00000000c3c80000)
 Metaspace       used 55983K, capacity 59004K, committed 59028K, reserved 1099776K
  class space    used 7682K, capacity 8188K, committed 8192K, reserved 1048576K
}
Event: 37.465 GC heap before
{Heap before GC invocations=15 (full 3):
 PSYoungGen      total 307200K, used 11768K [0x00000000eb300000, 0x00000000ffb80000, 0x0000000100000000)
  eden space 295424K, 0% used [0x00000000eb300000,0x00000000eb300000,0x00000000fd380000)
  from space 11776K, 99% used [0x00000000fe600000,0x00000000ff17e2f0,0x00000000ff180000)
  to   space 18944K, 0% used [0x00000000fd380000,0x00000000fd380000,0x00000000fe600000)
 ParOldGen       total 37376K, used 25992K [0x00000000c1800000, 0x00000000c3c80000, 0x00000000eb300000)
  object space 37376K, 69% used [0x00000000c1800000,0x00000000c31621e0,0x00000000c3c80000)
 Metaspace       used 55983K, capacity 59004K, committed 59028K, reserved 1099776K
  class space    used 7682K, capacity 8188K, committed 8192K, reserved 1048576K
Event: 38.453 GC heap after
Heap after GC invocations=15 (full 3):
 PSYoungGen      total 307200K, used 0K [0x00000000eb300000, 0x00000000ffb80000, 0x0000000100000000)
  eden space 295424K, 0% used [0x00000000eb300000,0x00000000eb300000,0x00000000fd380000)
  from space 11776K, 0% used [0x00000000fe600000,0x00000000fe600000,0x00000000ff180000)
  to   space 18944K, 0% used [0x00000000fd380000,0x00000000fd380000,0x00000000fe600000)
 ParOldGen       total 67584K, used 34533K [0x00000000c1800000, 0x00000000c5a00000, 0x00000000eb300000)
  object space 67584K, 51% used [0x00000000c1800000,0x00000000c39b97b0,0x00000000c5a00000)
 Metaspace       used 55979K, capacity 58998K, committed 59028K, reserved 1099776K
  class space    used 7681K, capacity 8187K, committed 8192K, reserved 1048576K
}

